TN:
SF:src/modificacion.ts
FN:12,(anonymous_0)
FN:17,(anonymous_1)
FN:27,(anonymous_2)
FN:34,(anonymous_3)
FN:41,(anonymous_4)
FN:56,(anonymous_5)
FN:64,(anonymous_6)
FN:73,(anonymous_7)
FN:100,(anonymous_8)
FN:108,(anonymous_9)
FN:117,(anonymous_10)
FNF:11
FNH:11
FNDA:1,(anonymous_0)
FNDA:3,(anonymous_1)
FNDA:5,(anonymous_2)
FNDA:5,(anonymous_3)
FNDA:1,(anonymous_4)
FNDA:1,(anonymous_5)
FNDA:1,(anonymous_6)
FNDA:1,(anonymous_7)
FNDA:1,(anonymous_8)
FNDA:1,(anonymous_9)
FNDA:1,(anonymous_10)
DA:6,1
DA:18,3
DA:19,1
DA:21,3
DA:28,5
DA:35,5
DA:42,1
DA:50,1
DA:57,1
DA:65,1
DA:74,1
DA:92,1
DA:101,1
DA:109,1
DA:118,1
LF:15
LH:15
BRDA:18,0,0,1
BRDA:18,0,1,2
BRF:2
BRH:2
end_of_record
TN:
SF:src/Modificacion/modif.ts
FN:17,(anonymous_0)
FNF:1
FNH:1
FNDA:1,(anonymous_0)
DA:17,1
LF:1
LH:1
BRDA:17,0,0,1
BRDA:17,0,1,1
BRF:2
BRH:2
end_of_record
TN:
SF:src/Modificacion/persona.ts
FN:9,(anonymous_0)
FN:14,(anonymous_1)
FN:20,(anonymous_2)
FN:26,(anonymous_3)
FN:32,(anonymous_4)
FN:39,(anonymous_5)
FNF:6
FNH:6
FNDA:2,(anonymous_0)
FNDA:1,(anonymous_1)
FNDA:1,(anonymous_2)
FNDA:1,(anonymous_3)
FNDA:1,(anonymous_4)
FNDA:4,(anonymous_5)
DA:1,1
DA:2,1
DA:8,1
DA:9,2
DA:15,1
DA:21,1
DA:27,1
DA:33,1
DA:40,4
DA:41,4
DA:42,4
DA:44,4
DA:45,4
DA:46,4
DA:49,4
LF:15
LH:15
BRDA:41,0,0,4
BRDA:41,0,1,0
BRDA:42,1,0,4
BRF:3
BRH:2
end_of_record
TN:
SF:src/Modificacion/revista.ts
FN:10,(anonymous_0)
FN:15,(anonymous_1)
FN:22,(anonymous_2)
FN:29,(anonymous_3)
FN:36,(anonymous_4)
FN:43,(anonymous_5)
FN:47,(anonymous_6)
FN:57,(anonymous_7)
FN:71,(anonymous_8)
FN:74,(anonymous_9)
FN:83,(anonymous_10)
FNF:11
FNH:11
FNDA:1,(anonymous_0)
FNDA:6,(anonymous_1)
FNDA:2,(anonymous_2)
FNDA:1,(anonymous_3)
FNDA:1,(anonymous_4)
FNDA:4,(anonymous_5)
FNDA:3,(anonymous_6)
FNDA:1,(anonymous_7)
FNDA:1,(anonymous_8)
FNDA:2,(anonymous_9)
FNDA:1,(anonymous_10)
DA:1,1
DA:7,1
DA:8,1
DA:9,1
DA:10,1
DA:16,6
DA:23,2
DA:30,1
DA:37,1
DA:44,4
DA:48,3
DA:49,3
DA:50,1
DA:52,2
DA:54,3
DA:58,1
DA:59,1
DA:60,1
DA:61,0
DA:63,1
DA:65,1
DA:72,1
DA:73,1
DA:74,1
DA:75,2
DA:77,1
DA:84,1
DA:85,1
LF:28
LH:27
BRDA:49,0,0,1
BRDA:49,0,1,2
BRDA:60,1,0,0
BRDA:60,1,1,1
BRF:4
BRH:3
end_of_record
