TN:
SF:src/modificacion.ts
FN:12,(anonymous_0)
FN:17,(anonymous_1)
FN:27,(anonymous_2)
FN:34,(anonymous_3)
FN:41,(anonymous_4)
FN:58,(anonymous_5)
FN:66,(anonymous_6)
FN:75,(anonymous_7)
FN:90,(anonymous_8)
FN:98,(anonymous_9)
FN:107,(anonymous_10)
FNF:11
FNH:11
FNDA:1,(anonymous_0)
FNDA:3,(anonymous_1)
FNDA:2,(anonymous_2)
FNDA:1,(anonymous_3)
FNDA:1,(anonymous_4)
FNDA:1,(anonymous_5)
FNDA:1,(anonymous_6)
FNDA:1,(anonymous_7)
FNDA:1,(anonymous_8)
FNDA:1,(anonymous_9)
FNDA:1,(anonymous_10)
DA:6,1
DA:18,3
DA:19,1
DA:21,3
DA:28,2
DA:35,1
DA:42,1
DA:50,1
DA:59,1
DA:67,1
DA:76,1
DA:84,1
DA:91,1
DA:99,1
DA:108,1
LF:15
LH:15
BRDA:18,0,0,1
BRDA:18,0,1,2
BRF:2
BRH:2
end_of_record
